make.exe all --print-data-base --no-builtin-variables --no-builtin-rules --question
# GNU Make 3.81
# Copyright (C) 2006  Free Software Foundation, Inc.
# This is free software; see the source for copying conditions.
# There is NO warranty; not even for MERCHANTABILITY or FITNESS FOR A
# PARTICULAR PURPOSE.

# This program built for i686-pc-msys
 
make.exe: *** No rule to make target `all'.  Stop.


# Make data base, printed on Sat Jul 23 06:52:55 2022

# Variables

# automatic
<D = $(patsubst %/,%,$(dir $<))
# automatic
 
?F = $(notdir $?)
# makefile
MAKEFLAGS = Rrqp
# automatic
?D = $(patsubst %/,%,$(dir $?))
# automatic
@D = $(patsubst %/,%,$(dir $@))
# environment
HOMEDRIVE = C:
# automatic
@F = $(notdir $@)
# automatic
^D = $(patsubst %/,%,$(dir $^))
# makefile
CURDIR := /c/Users/jlsch/Documents/bills
# default
SHELL := /bin/sh
# environment
WINDIR = C:\windows
# environment
VSCODE_NLS_CONFIG = {"locale":"de","availableLanguages":{"*":"de"},"_languagePackId":"8ab2722137ec6a78a8222b82fa5dcc60.de","_translationsConfigFile":"C:\\Users\\jlsch\\AppData\\Roaming\\Code\\clp\\8ab2722137ec6a78a8222b82fa5dcc60.de\\tcf.json","_cacheRoot":"C:\\Users\\jlsch\\AppData\\Roaming\\Code\\clp\\8ab2722137ec6a78a8222b82fa5dcc60.de","_resolvedLanguagePackCoreLocation":"C:\\Users\\jlsch\\AppData\\Roaming\\Code\\clp\\8ab2722137ec6a78a8222b82fa5dcc60.de\\92d25e35d9bf1a6b16f7d0758f25d48ace11e5b9","_corruptedFile":"C:\\Users\\jlsch\\AppData\\Roaming\\Code\\clp\\8ab2722137ec6a78a8222b82fa5dcc60.de\\corrupted.info","_languagePackSupport":true}
# environment
ONEDRIVE = C:\Users\jlsch\OneDrive
# environment
PATHEXT = .COM;.EXE;.BAT;.CMD;.VBS;.VBE;.JS;.JSE;.WSF;.WSH;.MSC
# makefile (from `makefile', line 1)
MAKEFILE_LIST :=  makefile
# environment
TMP = /tmp
# environment
VSCODE_AMD_ENTRYPOINT = vs/workbench/api/node/extensionHostProcess
# environment
PROGRAMW6432 = C:\Program Files
# environment
PROGRAMDATA = C:\ProgramData
# environment
VSCODE_CWD = C:\Users\jlsch\AppData\Local\Programs\Microsoft VS Code
# environment
GOPROXY = https://proxy.golang.org,direct
# environment
PATH = /c/windows/system32:/c/windows:/c/windows/System32/Wbem:/c/windows/System32/WindowsPowerShell/v1.0/:/c/windows/System32/OpenSSH/:/c/Program Files/Go/bin:/c/Program Files/Git/cmd:/c/Program Files/nodejs/:/c/xampp/php:/c/ProgramData/ComposerSetup/bin:/usr/bin:/mingw/bin:/c/texlive/2022/bin/win32:/c/Users/jlsch/AppData/Local/Microsoft/WindowsApps:/c/Users/jlsch/go/bin:/c/Users/jlsch/AppData/Local/Programs/Microsoft VS Code/bin:/c/Users/jlsch/AppData/Local/GitHubDesktop/bin:/c/Users/jlsch/AppData/Roaming/npm:/c/Users/jlsch/AppData/Roaming/Composer/vendor/bin:/c/cygwin64/bin:/c/texlive/2022/bin/win32
# environment
COMMONPROGRAMW6432 = C:\Program Files\Common Files
# environment
PROCESSOR_ARCHITECTURE = x86
# environment
USERPROFILE = C:\Users\jlsch
# environment
!C: = c:\Users\jlsch\Documents\bills
# environment
ALLUSERSPROFILE = C:\ProgramData
# environment
GOPATH = C:\Users\jlsch\go
# environment
NUMBER_OF_PROCESSORS = 4
# environment
ELECTRON_RUN_AS_NODE = 1
# default
.FEATURES := target-specific order-only second-expansion else-if archives jobserver check-symlink
# automatic
%F = $(notdir $%)
# environment
CHROME_CRASHPAD_PIPE_NAME = \\.\pipe\crashpad_11420_WFRPZCEQQWOPSDZZ
# environment
COMPUTERNAME = DESKTOP-DOI3QJO
# environment
PROGRAMFILES = C:\Program Files (x86)
# environment
DRIVERDATA = C:\Windows\System32\Drivers\DriverData
# environment
ORIGINAL_XDG_CURRENT_DESKTOP = undefined
# environment
USERNAME = jlsch
# environment
PUBLIC = C:\Users\Public
# environment
GOMODCACHE = C:\Users\jlsch\go\pkg\mod
# environment
VSCODE_CODE_CACHE_PATH = C:\Users\jlsch\AppData\Roaming\Code\CachedData\92d25e35d9bf1a6b16f7d0758f25d48ace11e5b9
# environment
APPLICATION_INSIGHTS_NO_DIAGNOSTIC_CHANNEL = 1
# environment
COMMONPROGRAMFILES = C:\Program Files (x86)\Common Files
# environment
LOGONSERVER = \\DESKTOP-DOI3QJO
# environment
ONEDRIVECONSUMER = C:\Users\jlsch\OneDrive
# environment
VSCODE_HANDLES_UNCAUGHT_ERRORS = true
# environment
USERDOMAIN = DESKTOP-DOI3QJO
# default
MAKE = $(MAKE_COMMAND)
# default
MAKECMDGOALS := all
# default
MAKE_VERSION := 3.81
# makefile
.DEFAULT_GOAL := gorun
# environment
PROGRAMFILES(X86) = C:\Program Files (x86)
# automatic
%D = $(patsubst %/,%,$(dir $%))
# environment
LOCALAPPDATA = C:\Users\jlsch\AppData\Local
# environment
PSMODULEPATH = C:\Program Files\WindowsPowerShell\Modules;C:\windows\system32\WindowsPowerShell\v1.0\Modules
 
# default
 
MAKE_COMMAND := make.exe
 
# environment
 
PROCESSOR_ARCHITEW6432 = AMD64
 
# default
.VARIABLES := 
# automatic
*F = $(notdir $*)
# environment
 
PROCESSOR_IDENTIFIER = Intel64 Family 6 Model 142 Stepping 9, GenuineIntel
# environment
OS = Windows_NT
# environment
VSCODE_IPC_HOOK = \\.\pipe\1aa1c9e16dffc2a20d1b129ce264b791-1.69.0-main-sock
# environment
HOMEPATH = \
# environment
COMMONPROGRAMFILES(X86) = C:\Program Files (x86)\Common Files
# environment
PROMPT = $P$G
# environment
MFLAGS = -Rrqp
# automatic
*D = $(patsubst %/,%,$(dir $*))
# environment
SYSTEMROOT = C:\windows
# automatic
+D = $(patsubst %/,%,$(dir $+))
# automatic
+F = $(notdir $+)
# environment
APPDATA = C:\Users\jlsch\AppData\Roaming
# environment
TEMP = /tmp
# environment
COMSPEC = C:\windows\system32\cmd.exe
# default
MAKEFILES := 
# automatic
<F = $(notdir $<)
# environment
LC_ALL = C
# automatic
^F = $(notdir $^)
# default
SUFFIXES := 
# environment
SYSTEMDRIVE = C:
# environment
SESSIONNAME = Console
# environment
PROCESSOR_REVISION = 8e09
# default
.INCLUDE_DIRS = /usr/include /usr/include
# environment
MAKELEVEL := 0
# environment
LANG = C
# environment
PROCESSOR_LEVEL = 6
# environment
TERM = cygwin
# environment
VSCODE_PID = 11420
# environment
USERDOMAIN_ROAMINGPROFILE = DESKTOP-DOI3QJO
# variable set hash-table stats:
# Load=88/1024=9%, Rehash=0, Collisions=10/113=9%

# Pattern-specific Variable Values

# No pattern-specific variable values.

# Directories

# . (device -14035, inode 761992): 12 files, no impossibilities.

# 12 files, no impossibilities in 1 directories.

# Implicit Rules

# No implicit rules.

# Files

gorun:
#  Implicit rule search has not been done.
#  Modification time never checked.
#  File has not been updated.
#  commands to execute (from `makefile', line 2):
	clear
	go run .
	

# Not a target:
all:
#  Command-line target.
#  Implicit rule search has been done.
#  File does not exist.
#  File has not been updated.
# variable set hash-table stats:
 
# Load=0/32=0%, Rehash=0, Collisions=0/0=0%

# Not a target:
.SUFFIXES:
#  Implicit rule search has not been done.
#  Modification time never checked.
#  File has not been updated.

# Not a target:
makefile:
#  Implicit rule search has been done.
#  Last modified 2022-07-03 06:28:16
#  File has been updated.
#  Successfully updated.
# variable set hash-table stats:
# Load=0/32=0%, Rehash=0, Collisions=0/0=0%

# Not a target:
.DEFAULT:
#  Implicit rule search has not been done.
#  Modification time never checked.
#  File has not been updated.

# files hash-table stats:
# Load=5/1024=0%, Rehash=0, Collisions=0/16=0%
# VPATH Search Paths

# No `vpath' search paths.

# No general (`VPATH' variable) search path.

# # of strings in strcache: 1
# # of strcache buffers: 1
# strcache size: total = 4096 / max = 4096 / min = 4096 / avg = 4096
# strcache free: total = 4087 / max = 4087 / min = 4087 / avg = 4087

# Finished Make data base on Sat Jul 23 06:52:55 2022

 
